mode: set
Social-Media/backend/go/internal/v1/session/client.go:133.29,134.15 1 1
Social-Media/backend/go/internal/v1/session/client.go:134.15,137.3 2 1
Social-Media/backend/go/internal/v1/session/client.go:139.2,139.6 1 1
Social-Media/backend/go/internal/v1/session/client.go:139.6,141.17 2 1
Social-Media/backend/go/internal/v1/session/client.go:141.17,142.103 1 1
Social-Media/backend/go/internal/v1/session/client.go:142.103,144.5 1 1
Social-Media/backend/go/internal/v1/session/client.go:145.4,145.9 1 1
Social-Media/backend/go/internal/v1/session/client.go:148.3,149.58 2 1
Social-Media/backend/go/internal/v1/session/client.go:149.58,151.12 2 1
Social-Media/backend/go/internal/v1/session/client.go:154.3,154.24 1 1
Social-Media/backend/go/internal/v1/session/client.go:185.30,187.30 2 1
Social-Media/backend/go/internal/v1/session/client.go:187.30,188.77 1 1
Social-Media/backend/go/internal/v1/session/client.go:188.77,191.4 2 1
Social-Media/backend/go/internal/v1/session/handlers.go:43.86,44.8 1 1
Social-Media/backend/go/internal/v1/session/handlers.go:44.8,50.3 1 1
Social-Media/backend/go/internal/v1/session/handlers.go:50.8,56.3 1 1
Social-Media/backend/go/internal/v1/session/handlers.go:81.50,84.2 2 1
Social-Media/backend/go/internal/v1/session/handlers.go:112.72,115.9 3 1
Social-Media/backend/go/internal/v1/session/handlers.go:115.9,117.3 1 1
Social-Media/backend/go/internal/v1/session/handlers.go:120.2,120.37 1 1
Social-Media/backend/go/internal/v1/session/handlers.go:120.37,123.3 2 1
Social-Media/backend/go/internal/v1/session/handlers.go:125.2,126.51 2 1
Social-Media/backend/go/internal/v1/session/handlers.go:153.75,156.9 3 1
Social-Media/backend/go/internal/v1/session/handlers.go:156.9,158.3 1 1
Social-Media/backend/go/internal/v1/session/handlers.go:159.2,160.51 2 1
Social-Media/backend/go/internal/v1/session/handlers.go:190.79,193.9 3 1
Social-Media/backend/go/internal/v1/session/handlers.go:193.9,195.3 1 1
Social-Media/backend/go/internal/v1/session/handlers.go:197.2,200.101 2 1
Social-Media/backend/go/internal/v1/session/handlers.go:200.101,201.10 1 1
Social-Media/backend/go/internal/v1/session/handlers.go:202.27,202.27 0 1
Social-Media/backend/go/internal/v1/session/handlers.go:203.11,204.108 1 1
Social-Media/backend/go/internal/v1/session/handlers.go:206.8,208.3 1 0
Social-Media/backend/go/internal/v1/session/handlers.go:236.74,239.9 3 1
Social-Media/backend/go/internal/v1/session/handlers.go:239.9,241.3 1 1
Social-Media/backend/go/internal/v1/session/handlers.go:242.2,243.51 2 1
Social-Media/backend/go/internal/v1/session/handlers.go:271.74,274.9 3 1
Social-Media/backend/go/internal/v1/session/handlers.go:274.9,276.3 1 1
Social-Media/backend/go/internal/v1/session/handlers.go:277.2,278.51 2 1
Social-Media/backend/go/internal/v1/session/handlers.go:309.79,312.9 3 1
Social-Media/backend/go/internal/v1/session/handlers.go:312.9,314.3 1 1
Social-Media/backend/go/internal/v1/session/handlers.go:315.2,315.44 1 1
Social-Media/backend/go/internal/v1/session/handlers.go:350.78,353.9 3 1
Social-Media/backend/go/internal/v1/session/handlers.go:353.9,355.3 1 1
Social-Media/backend/go/internal/v1/session/handlers.go:358.2,359.13 2 1
Social-Media/backend/go/internal/v1/session/handlers.go:359.13,362.3 2 1
Social-Media/backend/go/internal/v1/session/handlers.go:364.2,364.26 1 1
Social-Media/backend/go/internal/v1/session/handlers.go:364.26,368.3 3 1
Social-Media/backend/go/internal/v1/session/handlers.go:369.2,369.28 1 1
Social-Media/backend/go/internal/v1/session/handlers.go:403.76,406.9 3 1
Social-Media/backend/go/internal/v1/session/handlers.go:406.9,408.3 1 1
Social-Media/backend/go/internal/v1/session/handlers.go:410.2,411.30 2 1
Social-Media/backend/go/internal/v1/session/handlers.go:411.30,412.25 1 1
Social-Media/backend/go/internal/v1/session/handlers.go:412.25,414.9 2 1
Social-Media/backend/go/internal/v1/session/handlers.go:418.2,418.26 1 1
Social-Media/backend/go/internal/v1/session/handlers.go:418.26,420.3 1 1
Social-Media/backend/go/internal/v1/session/handlers.go:421.2,421.47 1 1
Social-Media/backend/go/internal/v1/session/handlers.go:454.83,457.9 3 1
Social-Media/backend/go/internal/v1/session/handlers.go:457.9,459.3 1 1
Social-Media/backend/go/internal/v1/session/handlers.go:460.2,460.44 1 1
Social-Media/backend/go/internal/v1/session/handlers.go:495.82,498.9 3 1
Social-Media/backend/go/internal/v1/session/handlers.go:498.9,500.3 1 1
Social-Media/backend/go/internal/v1/session/handlers.go:502.2,503.35 2 1
Social-Media/backend/go/internal/v1/session/handlers.go:503.35,504.25 1 1
Social-Media/backend/go/internal/v1/session/handlers.go:504.25,506.9 2 1
Social-Media/backend/go/internal/v1/session/handlers.go:510.2,510.29 1 1
Social-Media/backend/go/internal/v1/session/handlers.go:510.29,512.3 1 1
Social-Media/backend/go/internal/v1/session/handlers.go:514.2,514.77 1 1
Social-Media/backend/go/internal/v1/session/handlers.go:514.77,515.30 1 1
Social-Media/backend/go/internal/v1/session/handlers.go:515.30,517.4 1 1
Social-Media/backend/go/internal/v1/session/handlers.go:518.8,520.3 1 0
Social-Media/backend/go/internal/v1/session/handlers.go:556.80,559.9 3 1
Social-Media/backend/go/internal/v1/session/handlers.go:559.9,561.3 1 1
Social-Media/backend/go/internal/v1/session/handlers.go:563.2,563.77 1 1
Social-Media/backend/go/internal/v1/session/handlers.go:563.77,565.36 1 1
Social-Media/backend/go/internal/v1/session/handlers.go:565.36,566.26 1 1
Social-Media/backend/go/internal/v1/session/handlers.go:566.26,568.10 2 1
Social-Media/backend/go/internal/v1/session/handlers.go:571.8,573.3 1 0
Social-Media/backend/go/internal/v1/session/handlers.go:574.2,574.44 1 1
Social-Media/backend/go/internal/v1/session/hub.go:97.39,100.23 2 1
Social-Media/backend/go/internal/v1/session/hub.go:100.23,103.3 2 1
Social-Media/backend/go/internal/v1/session/hub.go:105.2,106.16 2 1
Social-Media/backend/go/internal/v1/session/hub.go:106.16,109.3 2 1
Social-Media/backend/go/internal/v1/session/hub.go:111.2,114.43 2 0
Social-Media/backend/go/internal/v1/session/hub.go:114.43,116.20 2 0
Social-Media/backend/go/internal/v1/session/hub.go:116.20,118.5 1 0
Social-Media/backend/go/internal/v1/session/hub.go:119.4,120.18 2 0
Social-Media/backend/go/internal/v1/session/hub.go:120.18,122.5 1 0
Social-Media/backend/go/internal/v1/session/hub.go:124.4,124.43 1 0
Social-Media/backend/go/internal/v1/session/hub.go:124.43,126.19 2 0
Social-Media/backend/go/internal/v1/session/hub.go:126.19,127.14 1 0
Social-Media/backend/go/internal/v1/session/hub.go:130.5,130.83 1 0
Social-Media/backend/go/internal/v1/session/hub.go:130.83,132.6 1 0
Social-Media/backend/go/internal/v1/session/hub.go:134.4,134.16 1 0
Social-Media/backend/go/internal/v1/session/hub.go:138.2,139.16 2 0
Social-Media/backend/go/internal/v1/session/hub.go:139.16,142.3 2 0
Social-Media/backend/go/internal/v1/session/hub.go:145.2,151.23 4 0
Social-Media/backend/go/internal/v1/session/hub.go:151.23,153.3 1 0
Social-Media/backend/go/internal/v1/session/hub.go:155.2,168.22 4 0
Social-Media/backend/go/internal/v1/session/hub.go:172.44,177.2 1 1
Social-Media/backend/go/internal/v1/session/hub.go:180.45,185.68 3 1
Social-Media/backend/go/internal/v1/session/hub.go:185.68,188.3 2 1
Social-Media/backend/go/internal/v1/session/hub.go:194.56,198.37 3 1
Social-Media/backend/go/internal/v1/session/hub.go:198.37,200.3 1 1
Social-Media/backend/go/internal/v1/session/hub.go:202.2,205.13 4 1
Social-Media/backend/go/internal/v1/session/permissions.go:45.47,47.2 1 1
Social-Media/backend/go/internal/v1/session/permissions.go:70.51,72.2 1 1
Social-Media/backend/go/internal/v1/session/permissions.go:94.51,96.2 1 1
Social-Media/backend/go/internal/v1/session/permissions.go:121.44,123.2 1 1
Social-Media/backend/go/internal/v1/session/permissions.go:151.71,153.2 1 1
Social-Media/backend/go/internal/v1/session/room.go:102.52,107.51 3 1
Social-Media/backend/go/internal/v1/session/room.go:107.51,111.3 3 1
Social-Media/backend/go/internal/v1/session/room.go:112.2,112.22 1 1
Social-Media/backend/go/internal/v1/session/room.go:119.55,135.21 7 1
Social-Media/backend/go/internal/v1/session/room.go:135.21,136.23 1 1
Social-Media/backend/go/internal/v1/session/room.go:136.23,139.4 2 1
Social-Media/backend/go/internal/v1/session/room.go:141.3,141.13 1 1
Social-Media/backend/go/internal/v1/session/room.go:141.13,142.17 1 1
Social-Media/backend/go/internal/v1/session/room.go:142.17,143.25 1 1
Social-Media/backend/go/internal/v1/session/room.go:143.25,145.6 1 1
Social-Media/backend/go/internal/v1/session/room.go:147.4,147.19 1 1
Social-Media/backend/go/internal/v1/session/room.go:162.69,183.2 1 1
Social-Media/backend/go/internal/v1/session/room.go:190.49,195.9 4 1
Social-Media/backend/go/internal/v1/session/room.go:195.9,198.3 2 1
Social-Media/backend/go/internal/v1/session/room.go:200.2,205.19 5 1
Social-Media/backend/go/internal/v1/session/room.go:206.20,207.20 1 1
Social-Media/backend/go/internal/v1/session/room.go:207.20,209.4 1 1
Social-Media/backend/go/internal/v1/session/room.go:211.23,212.20 1 1
Social-Media/backend/go/internal/v1/session/room.go:212.20,214.4 1 1
Social-Media/backend/go/internal/v1/session/room.go:216.27,217.20 1 1
Social-Media/backend/go/internal/v1/session/room.go:217.20,219.4 1 1
Social-Media/backend/go/internal/v1/session/room.go:221.22,222.20 1 1
Social-Media/backend/go/internal/v1/session/room.go:222.20,224.4 1 1
Social-Media/backend/go/internal/v1/session/room.go:225.22,226.20 1 1
Social-Media/backend/go/internal/v1/session/room.go:226.20,228.4 1 1
Social-Media/backend/go/internal/v1/session/room.go:230.27,231.16 1 1
Social-Media/backend/go/internal/v1/session/room.go:231.16,233.4 1 1
Social-Media/backend/go/internal/v1/session/room.go:235.26,236.13 1 1
Social-Media/backend/go/internal/v1/session/room.go:236.13,238.4 1 1
Social-Media/backend/go/internal/v1/session/room.go:240.24,241.13 1 1
Social-Media/backend/go/internal/v1/session/room.go:241.13,243.4 1 1
Social-Media/backend/go/internal/v1/session/room.go:245.31,247.18 1 1
Social-Media/backend/go/internal/v1/session/room.go:247.18,249.4 1 1
Social-Media/backend/go/internal/v1/session/room.go:251.30,252.13 1 1
Social-Media/backend/go/internal/v1/session/room.go:252.13,254.4 1 1
Social-Media/backend/go/internal/v1/session/room.go:256.28,257.13 1 1
Social-Media/backend/go/internal/v1/session/room.go:257.13,259.4 1 1
Social-Media/backend/go/internal/v1/session/room.go:261.10,262.66 1 1
Social-Media/backend/go/internal/v1/session/room.go:268.77,271.16 3 1
Social-Media/backend/go/internal/v1/session/room.go:271.16,274.3 2 1
Social-Media/backend/go/internal/v1/session/room.go:276.2,276.18 1 1
Social-Media/backend/go/internal/v1/session/room.go:276.18,278.101 1 1
Social-Media/backend/go/internal/v1/session/room.go:278.101,279.24 1 1
Social-Media/backend/go/internal/v1/session/room.go:279.24,280.12 1 1
Social-Media/backend/go/internal/v1/session/room.go:281.27,281.27 0 1
Social-Media/backend/go/internal/v1/session/room.go:282.13,282.13 0 1
Social-Media/backend/go/internal/v1/session/room.go:288.8,289.27 1 1
Social-Media/backend/go/internal/v1/session/room.go:289.27,291.16 2 1
Social-Media/backend/go/internal/v1/session/room.go:292.22,293.41 1 1
Social-Media/backend/go/internal/v1/session/room.go:294.29,295.49 1 1
Social-Media/backend/go/internal/v1/session/room.go:296.29,297.48 1 1
Social-Media/backend/go/internal/v1/session/room.go:298.25,299.43 1 1
Social-Media/backend/go/internal/v1/session/room.go:300.12,301.13 1 1
Social-Media/backend/go/internal/v1/session/room.go:303.4,303.30 1 1
Social-Media/backend/go/internal/v1/session/room.go:303.30,304.12 1 1
Social-Media/backend/go/internal/v1/session/room.go:305.27,305.27 0 1
Social-Media/backend/go/internal/v1/session/room.go:306.13,306.13 0 0
Social-Media/backend/go/internal/v1/session/room.go:317.62,319.22 2 1
Social-Media/backend/go/internal/v1/session/room.go:319.22,321.3 1 1
Social-Media/backend/go/internal/v1/session/room.go:322.2,322.16 1 1
Social-Media/backend/go/internal/v1/session/room.go:327.48,333.33 4 1
Social-Media/backend/go/internal/v1/session/room.go:333.33,338.3 1 1
Social-Media/backend/go/internal/v1/session/room.go:340.2,341.40 2 1
Social-Media/backend/go/internal/v1/session/room.go:341.40,346.3 1 1
Social-Media/backend/go/internal/v1/session/room.go:348.2,349.35 2 1
Social-Media/backend/go/internal/v1/session/room.go:349.35,354.3 1 1
Social-Media/backend/go/internal/v1/session/room.go:356.2,357.39 2 1
Social-Media/backend/go/internal/v1/session/room.go:357.39,362.3 1 1
Social-Media/backend/go/internal/v1/session/room.go:364.2,365.41 2 1
Social-Media/backend/go/internal/v1/session/room.go:365.41,370.3 1 1
Social-Media/backend/go/internal/v1/session/room.go:372.2,380.3 1 1
Social-Media/backend/go/internal/v1/session/room_methods.go:35.47,40.2 4 1
Social-Media/backend/go/internal/v1/session/room_methods.go:51.50,53.36 2 1
Social-Media/backend/go/internal/v1/session/room_methods.go:53.36,56.3 2 1
Social-Media/backend/go/internal/v1/session/room_methods.go:73.40,78.2 4 1
Social-Media/backend/go/internal/v1/session/room_methods.go:92.43,94.36 2 1
Social-Media/backend/go/internal/v1/session/room_methods.go:94.36,97.3 2 1
Social-Media/backend/go/internal/v1/session/room_methods.go:112.43,117.2 4 1
Social-Media/backend/go/internal/v1/session/room_methods.go:133.46,135.36 2 1
Social-Media/backend/go/internal/v1/session/room_methods.go:135.36,138.3 2 1
Social-Media/backend/go/internal/v1/session/room_methods.go:153.47,158.2 4 1
Social-Media/backend/go/internal/v1/session/room_methods.go:174.50,176.36 2 1
Social-Media/backend/go/internal/v1/session/room_methods.go:176.36,179.3 2 1
Social-Media/backend/go/internal/v1/session/room_methods.go:199.48,201.26 1 1
Social-Media/backend/go/internal/v1/session/room_methods.go:201.26,203.3 1 1
Social-Media/backend/go/internal/v1/session/room_methods.go:206.2,209.32 2 1
Social-Media/backend/go/internal/v1/session/room_methods.go:209.32,210.52 1 1
Social-Media/backend/go/internal/v1/session/room_methods.go:210.52,212.4 1 1
Social-Media/backend/go/internal/v1/session/room_methods.go:235.54,236.26 1 1
Social-Media/backend/go/internal/v1/session/room_methods.go:236.26,238.3 1 1
Social-Media/backend/go/internal/v1/session/room_methods.go:241.2,241.57 1 1
Social-Media/backend/go/internal/v1/session/room_methods.go:241.57,242.50 1 1
Social-Media/backend/go/internal/v1/session/room_methods.go:242.50,243.40 1 1
Social-Media/backend/go/internal/v1/session/room_methods.go:243.40,246.5 2 1
Social-Media/backend/go/internal/v1/session/room_methods.go:276.79,277.26 1 1
Social-Media/backend/go/internal/v1/session/room_methods.go:277.26,279.3 1 1
Social-Media/backend/go/internal/v1/session/room_methods.go:282.2,283.57 2 1
Social-Media/backend/go/internal/v1/session/room_methods.go:283.57,284.50 1 1
Social-Media/backend/go/internal/v1/session/room_methods.go:284.50,286.4 1 1
Social-Media/backend/go/internal/v1/session/room_methods.go:291.2,292.28 2 1
Social-Media/backend/go/internal/v1/session/room_methods.go:292.28,294.3 1 1
Social-Media/backend/go/internal/v1/session/room_methods.go:295.2,295.39 1 1
Social-Media/backend/go/internal/v1/session/room_methods.go:317.49,330.36 8 1
Social-Media/backend/go/internal/v1/session/room_methods.go:330.36,333.3 2 0
Social-Media/backend/go/internal/v1/session/room_methods.go:356.35,360.2 1 1
Social-Media/backend/go/internal/v1/session/room_methods.go:383.52,386.35 2 1
Social-Media/backend/go/internal/v1/session/room_methods.go:386.35,387.31 1 1
Social-Media/backend/go/internal/v1/session/room_methods.go:387.31,389.9 2 1
Social-Media/backend/go/internal/v1/session/room_methods.go:393.2,393.19 1 1
Social-Media/backend/go/internal/v1/session/room_methods.go:393.19,400.3 3 1
Social-Media/backend/go/internal/v1/session/room_methods.go:426.52,429.35 2 1
Social-Media/backend/go/internal/v1/session/room_methods.go:429.35,430.31 1 1
Social-Media/backend/go/internal/v1/session/room_methods.go:430.31,432.9 2 1
Social-Media/backend/go/internal/v1/session/room_methods.go:436.2,436.19 1 1
Social-Media/backend/go/internal/v1/session/room_methods.go:436.19,441.37 2 1
Social-Media/backend/go/internal/v1/session/room_methods.go:441.37,444.4 2 1
Social-Media/backend/go/internal/v1/session/types.go:165.36,166.37 1 1
Social-Media/backend/go/internal/v1/session/types.go:166.37,168.3 1 1
Social-Media/backend/go/internal/v1/session/types.go:169.2,169.39 1 1
Social-Media/backend/go/internal/v1/session/types.go:169.39,171.3 1 1
Social-Media/backend/go/internal/v1/session/types.go:172.2,172.30 1 1
Social-Media/backend/go/internal/v1/session/types.go:172.30,174.3 1 1
Social-Media/backend/go/internal/v1/session/types.go:175.2,175.33 1 1
Social-Media/backend/go/internal/v1/session/types.go:175.33,177.3 1 1
Social-Media/backend/go/internal/v1/session/types.go:178.2,178.12 1 1
Social-Media/backend/go/internal/v1/session/utils.go:46.81,49.22 2 1
Social-Media/backend/go/internal/v1/session/utils.go:49.22,53.3 2 1
Social-Media/backend/go/internal/v1/session/utils.go:54.2,54.39 1 1
Social-Media/backend/go/internal/v1/session/utils.go:79.27,82.2 2 1
